<?xml version="1.0" encoding="UTF-8"?>
<!-- Generated by org.testng.reporters.JUnitReportReporter -->
<testsuite hostname="DESKTOP-U8HQR51" failures="0" tests="4" name="AutomationScripts.TestScripts_01" time="94.859" errors="0" timestamp="2023-12-06T14:28:37 IST" skipped="0">
  <testcase classname="AutomationScripts.TestScripts_01" name="extracting_Email" time="77.472"/>
  <system-out/>
  <testcase classname="AutomationScripts.TestScripts_01" name="valid_Credentials" time="7.879"/>
  <system-out/>
  <testcase classname="AutomationScripts.TestScripts_01" name="extracting_OTP" time="7.839"/>
  <system-out/>
  <testcase classname="AutomationScripts.TestScripts_01" name="existing_EmailCredentials" time="1.669"/>
  <system-out/>
</testsuite> <!-- AutomationScripts.TestScripts_01 -->
