<?xml version="1.0" encoding="UTF-8"?>
<!-- Generated by org.testng.reporters.JUnitReportReporter -->
<testsuite hostname="DESKTOP-U8HQR51" failures="0" tests="3" name="AutomationScripts.TestScripts" time="62.386" errors="0" timestamp="2023-12-01T11:16:03 IST" skipped="0">
  <testcase classname="AutomationScripts.TestScripts" name="extracting_Email" time="43.866"/>
  <system-out/>
  <testcase classname="AutomationScripts.TestScripts" name="valid_Credentials" time="7.330"/>
  <system-out/>
  <testcase classname="AutomationScripts.TestScripts" name="extracting_OTP" time="11.190"/>
  <system-out/>
</testsuite> <!-- AutomationScripts.TestScripts -->
