<?xml version="1.0" encoding="UTF-8"?>
<!-- Generated by org.testng.reporters.JUnitReportReporter -->
<testsuite hostname="DESKTOP-U8HQR51" failures="0" tests="1" name="WEB.Webscripts" time="19.421" errors="0" timestamp="2023-11-24T15:56:38 IST" skipped="0">
  <testcase classname="WEB.Webscripts" name="extracting_OTP" time="19.421"/>
</testsuite> <!-- WEB.Webscripts -->
